<?xml version="1.0" encoding="UTF-8"?>
<testsuite name="com.mindex.challenge.service.impl.EmployeeServiceImplTest" tests="1" skipped="0" failures="0" errors="0" timestamp="2025-03-28T13:15:12" hostname="corays-mbp.wireless.rit.edu" time="0.87">
  <properties/>
  <testcase name="testCreateReadUpdate" classname="com.mindex.challenge.service.impl.EmployeeServiceImplTest" time="0.87"/>
  <system-out><![CDATA[09:15:10.147 [Test worker] INFO org.springframework.test.context.support.AnnotationConfigContextLoaderUtils -- Could not detect default configuration classes for test class [com.mindex.challenge.service.impl.EmployeeServiceImplTest]: EmployeeServiceImplTest does not declare any static, non-private, non-final, nested classes annotated with @Configuration.
09:15:10.242 [Test worker] INFO org.springframework.boot.test.context.SpringBootTestContextBootstrapper -- Found @SpringBootConfiguration com.mindex.challenge.ChallengeApplication for test class com.mindex.challenge.service.impl.EmployeeServiceImplTest

  .   ____          _            __ _ _
 /\\ / ___'_ __ _ _(_)_ __  __ _ \ \ \ \
( ( )\___ | '_ | '_| | '_ \/ _` | \ \ \ \
 \\/  ___)| |_)| | | | | || (_| |  ) ) ) )
  '  |____| .__|_| |_|_| |_\__, | / / / /
 =========|_|==============|___/=/_/_/_/
 :: Spring Boot ::                (v3.2.3)

2025-03-28T09:15:10.563-04:00  INFO 11031 --- [    Test worker] c.m.c.s.impl.EmployeeServiceImplTest     : Starting EmployeeServiceImplTest using Java 17.0.8.1 with PID 11031 (started by coraybennett in /Users/coraybennett/Documents/code/mindex-code-challenge)
2025-03-28T09:15:10.564-04:00 DEBUG 11031 --- [    Test worker] c.m.c.s.impl.EmployeeServiceImplTest     : Running with Spring Boot v3.2.3, Spring v6.1.4
2025-03-28T09:15:10.565-04:00  INFO 11031 --- [    Test worker] c.m.c.s.impl.EmployeeServiceImplTest     : No active profile set, falling back to 1 default profile: "default"
2025-03-28T09:15:10.930-04:00  INFO 11031 --- [    Test worker] .s.d.r.c.RepositoryConfigurationDelegate : Bootstrapping Spring Data MongoDB repositories in DEFAULT mode.
2025-03-28T09:15:10.966-04:00  INFO 11031 --- [    Test worker] .s.d.r.c.RepositoryConfigurationDelegate : Finished Spring Data repository scanning in 31 ms. Found 1 MongoDB repository interface.
2025-03-28T09:15:11.489-04:00  INFO 11031 --- [    Test worker] o.s.b.w.embedded.tomcat.TomcatWebServer  : Tomcat initialized with port 0 (http)
2025-03-28T09:15:11.499-04:00  INFO 11031 --- [    Test worker] o.apache.catalina.core.StandardService   : Starting service [Tomcat]
2025-03-28T09:15:11.499-04:00  INFO 11031 --- [    Test worker] o.apache.catalina.core.StandardEngine    : Starting Servlet engine: [Apache Tomcat/10.1.19]
2025-03-28T09:15:11.555-04:00  INFO 11031 --- [    Test worker] o.a.c.c.C.[Tomcat].[localhost].[/]       : Initializing Spring embedded WebApplicationContext
2025-03-28T09:15:11.556-04:00  INFO 11031 --- [    Test worker] w.s.c.ServletWebServerApplicationContext : Root WebApplicationContext: initialization completed in 972 ms
2025-03-28T09:15:11.745-04:00  INFO 11031 --- [    Test worker] de.bwaldvogel.mongo.MongoServer          : started MongoServer(port: 64838, ssl: false)
2025-03-28T09:15:11.845-04:00  INFO 11031 --- [    Test worker] org.mongodb.driver.client                : MongoClient with metadata {"driver": {"name": "mongo-java-driver|sync", "version": "4.11.1"}, "os": {"type": "Darwin", "name": "Mac OS X", "architecture": "x86_64", "version": "14.6.1"}, "platform": "Java/Eclipse Adoptium/17.0.8.1+1"} created with settings MongoClientSettings{readPreference=primary, writeConcern=WriteConcern{w=null, wTimeout=null ms, journal=null}, retryWrites=true, retryReads=true, readConcern=ReadConcern{level=null}, credential=null, transportSettings=null, streamFactoryFactory=null, commandListeners=[], codecRegistry=ProvidersCodecRegistry{codecProviders=[ValueCodecProvider{}, BsonValueCodecProvider{}, DBRefCodecProvider{}, DBObjectCodecProvider{}, DocumentCodecProvider{}, CollectionCodecProvider{}, IterableCodecProvider{}, MapCodecProvider{}, GeoJsonCodecProvider{}, GridFSFileCodecProvider{}, Jsr310CodecProvider{}, JsonObjectCodecProvider{}, BsonCodecProvider{}, EnumCodecProvider{}, com.mongodb.client.model.mql.ExpressionCodecProvider@4b7ed03e, com.mongodb.Jep395RecordCodecProvider@636985df, com.mongodb.KotlinCodecProvider@6f91fbda]}, loggerSettings=LoggerSettings{maxDocumentLength=1000}, clusterSettings={hosts=[localhost:64838], srvServiceName=mongodb, mode=SINGLE, requiredClusterType=UNKNOWN, requiredReplicaSetName='null', serverSelector='null', clusterListeners='[]', serverSelectionTimeout='30000 ms', localThreshold='15 ms'}, socketSettings=SocketSettings{connectTimeoutMS=10000, readTimeoutMS=0, receiveBufferSize=0, proxySettings=ProxySettings{host=null, port=null, username=null, password=null}}, heartbeatSocketSettings=SocketSettings{connectTimeoutMS=10000, readTimeoutMS=10000, receiveBufferSize=0, proxySettings=ProxySettings{host=null, port=null, username=null, password=null}}, connectionPoolSettings=ConnectionPoolSettings{maxSize=100, minSize=0, maxWaitTimeMS=120000, maxConnectionLifeTimeMS=0, maxConnectionIdleTimeMS=0, maintenanceInitialDelayMS=0, maintenanceFrequencyMS=60000, connectionPoolListeners=[], maxConnecting=2}, serverSettings=ServerSettings{heartbeatFrequencyMS=10000, minHeartbeatFrequencyMS=500, serverListeners='[]', serverMonitorListeners='[]'}, sslSettings=SslSettings{enabled=false, invalidHostNameAllowed=false, context=null}, applicationName='null', compressorList=[], uuidRepresentation=UNSPECIFIED, serverApi=null, autoEncryptionSettings=null, dnsClient=null, inetAddressResolver=null, contextProvider=null}
2025-03-28T09:15:11.865-04:00  INFO 11031 --- [-server-worker1] d.b.mongo.wire.MongoWireProtocolHandler  : client [id: 0x01452db8, L:/127.0.0.1:64838 - R:/127.0.0.1:64840] connected
2025-03-28T09:15:11.865-04:00  INFO 11031 --- [-server-worker2] d.b.mongo.wire.MongoWireProtocolHandler  : client [id: 0xd5ea9484, L:/127.0.0.1:64838 - R:/127.0.0.1:64839] connected
2025-03-28T09:15:11.919-04:00  INFO 11031 --- [localhost:64838] org.mongodb.driver.cluster               : Monitor thread successfully connected to server with description ServerDescription{address=localhost:64838, type=STANDALONE, state=CONNECTED, ok=true, minWireVersion=0, maxWireVersion=6, maxDocumentSize=16777216, logicalSessionTimeoutMinutes=null, roundTripTimeNanos=70129324}
2025-03-28T09:15:12.256-04:00  INFO 11031 --- [-server-worker3] d.b.mongo.wire.MongoWireProtocolHandler  : client [id: 0x5f0e7a34, L:/127.0.0.1:64838 - R:/127.0.0.1:64841] connected
2025-03-28T09:15:12.279-04:00  INFO 11031 --- [-server-worker3] d.b.mongo.backend.AbstractMongoBackend   : created database test
2025-03-28T09:15:12.284-04:00  INFO 11031 --- [-server-worker3] d.b.mongo.backend.AbstractMongoDatabase  : adding unique _id index for collection employee
2025-03-28T09:15:12.288-04:00  INFO 11031 --- [-server-worker3] d.b.mongo.backend.AbstractMongoDatabase  : created collection test.employee
2025-03-28T09:15:12.573-04:00  INFO 11031 --- [    Test worker] o.s.b.w.embedded.tomcat.TomcatWebServer  : Tomcat started on port 64842 (http) with context path ''
2025-03-28T09:15:12.582-04:00  INFO 11031 --- [    Test worker] c.m.c.s.impl.EmployeeServiceImplTest     : Started EmployeeServiceImplTest in 2.227 seconds (process running for 2.946)
2025-03-28T09:15:13.303-04:00  INFO 11031 --- [o-auto-1-exec-1] o.a.c.c.C.[Tomcat].[localhost].[/]       : Initializing Spring DispatcherServlet 'dispatcherServlet'
2025-03-28T09:15:13.303-04:00  INFO 11031 --- [o-auto-1-exec-1] o.s.web.servlet.DispatcherServlet        : Initializing Servlet 'dispatcherServlet'
2025-03-28T09:15:13.305-04:00  INFO 11031 --- [o-auto-1-exec-1] o.s.web.servlet.DispatcherServlet        : Completed initialization in 1 ms
2025-03-28T09:15:13.352-04:00 DEBUG 11031 --- [o-auto-1-exec-1] c.m.c.controller.EmployeeController      : Received employee create request for [com.mindex.challenge.data.Employee@30cab917]
2025-03-28T09:15:13.353-04:00 DEBUG 11031 --- [o-auto-1-exec-1] c.m.c.service.impl.EmployeeServiceImpl   : Creating employee [com.mindex.challenge.data.Employee@30cab917]
2025-03-28T09:15:13.382-04:00 DEBUG 11031 --- [o-auto-1-exec-2] c.m.c.controller.EmployeeController      : Received employee create request for id [a85ddbe4-332a-4d9d-a272-0f326e5d1be4]
2025-03-28T09:15:13.383-04:00 DEBUG 11031 --- [o-auto-1-exec-2] c.m.c.service.impl.EmployeeServiceImpl   : Creating employee with id [a85ddbe4-332a-4d9d-a272-0f326e5d1be4]
2025-03-28T09:15:13.451-04:00 DEBUG 11031 --- [o-auto-1-exec-3] c.m.c.controller.EmployeeController      : Received employee create request for id [a85ddbe4-332a-4d9d-a272-0f326e5d1be4] and employee [com.mindex.challenge.data.Employee@264cb183]
2025-03-28T09:15:13.451-04:00 DEBUG 11031 --- [o-auto-1-exec-3] c.m.c.service.impl.EmployeeServiceImpl   : Updating employee [com.mindex.challenge.data.Employee@264cb183]
]]></system-out>
  <system-err><![CDATA[]]></system-err>
</testsuite>
