<?xml version="1.0" encoding="UTF-8"?>
<testsuite name="com.mindex.challenge.ChallengeApplicationTests" tests="1" skipped="0" failures="0" errors="0" timestamp="2025-03-28T18:43:05" hostname="corays-mbp.wireless.rit.edu" time="0.028">
  <properties/>
  <testcase name="testCompensationServiceRead" classname="com.mindex.challenge.ChallengeApplicationTests" time="0.028"/>
  <system-out><![CDATA[14:43:02.128 [Test worker] INFO org.springframework.test.context.support.AnnotationConfigContextLoaderUtils -- Could not detect default configuration classes for test class [com.mindex.challenge.ChallengeApplicationTests]: ChallengeApplicationTests does not declare any static, non-private, non-final, nested classes annotated with @Configuration.
14:43:02.209 [Test worker] INFO org.springframework.boot.test.context.SpringBootTestContextBootstrapper -- Found @SpringBootConfiguration com.mindex.challenge.ChallengeApplication for test class com.mindex.challenge.ChallengeApplicationTests

  .   ____          _            __ _ _
 /\\ / ___'_ __ _ _(_)_ __  __ _ \ \ \ \
( ( )\___ | '_ | '_| | '_ \/ _` | \ \ \ \
 \\/  ___)| |_)| | | | | || (_| |  ) ) ) )
  '  |____| .__|_| |_|_| |_\__, | / / / /
 =========|_|==============|___/=/_/_/_/
 :: Spring Boot ::                (v3.2.3)

2025-03-28T14:43:03.378-04:00  INFO 97034 --- [    Test worker] c.m.challenge.ChallengeApplicationTests  : Starting ChallengeApplicationTests using Java 17.0.8.1 with PID 97034 (started by coraybennett in /Users/coraybennett/Documents/code/mindex-code-challenge)
2025-03-28T14:43:03.379-04:00 DEBUG 97034 --- [    Test worker] c.m.challenge.ChallengeApplicationTests  : Running with Spring Boot v3.2.3, Spring v6.1.4
2025-03-28T14:43:03.380-04:00  INFO 97034 --- [    Test worker] c.m.challenge.ChallengeApplicationTests  : No active profile set, falling back to 1 default profile: "default"
2025-03-28T14:43:03.764-04:00  INFO 97034 --- [    Test worker] .s.d.r.c.RepositoryConfigurationDelegate : Bootstrapping Spring Data MongoDB repositories in DEFAULT mode.
2025-03-28T14:43:03.797-04:00  INFO 97034 --- [    Test worker] .s.d.r.c.RepositoryConfigurationDelegate : Finished Spring Data repository scanning in 28 ms. Found 2 MongoDB repository interfaces.
2025-03-28T14:43:04.299-04:00  INFO 97034 --- [    Test worker] de.bwaldvogel.mongo.MongoServer          : started MongoServer(port: 51232, ssl: false)
2025-03-28T14:43:04.408-04:00  INFO 97034 --- [    Test worker] org.mongodb.driver.client                : MongoClient with metadata {"driver": {"name": "mongo-java-driver|sync", "version": "4.11.1"}, "os": {"type": "Darwin", "name": "Mac OS X", "architecture": "x86_64", "version": "14.6.1"}, "platform": "Java/Eclipse Adoptium/17.0.8.1+1"} created with settings MongoClientSettings{readPreference=primary, writeConcern=WriteConcern{w=null, wTimeout=null ms, journal=null}, retryWrites=true, retryReads=true, readConcern=ReadConcern{level=null}, credential=null, transportSettings=null, streamFactoryFactory=null, commandListeners=[], codecRegistry=ProvidersCodecRegistry{codecProviders=[ValueCodecProvider{}, BsonValueCodecProvider{}, DBRefCodecProvider{}, DBObjectCodecProvider{}, DocumentCodecProvider{}, CollectionCodecProvider{}, IterableCodecProvider{}, MapCodecProvider{}, GeoJsonCodecProvider{}, GridFSFileCodecProvider{}, Jsr310CodecProvider{}, JsonObjectCodecProvider{}, BsonCodecProvider{}, EnumCodecProvider{}, com.mongodb.client.model.mql.ExpressionCodecProvider@16b64a03, com.mongodb.Jep395RecordCodecProvider@1584c019, com.mongodb.KotlinCodecProvider@3688baab]}, loggerSettings=LoggerSettings{maxDocumentLength=1000}, clusterSettings={hosts=[localhost:51232], srvServiceName=mongodb, mode=SINGLE, requiredClusterType=UNKNOWN, requiredReplicaSetName='null', serverSelector='null', clusterListeners='[]', serverSelectionTimeout='30000 ms', localThreshold='15 ms'}, socketSettings=SocketSettings{connectTimeoutMS=10000, readTimeoutMS=0, receiveBufferSize=0, proxySettings=ProxySettings{host=null, port=null, username=null, password=null}}, heartbeatSocketSettings=SocketSettings{connectTimeoutMS=10000, readTimeoutMS=10000, receiveBufferSize=0, proxySettings=ProxySettings{host=null, port=null, username=null, password=null}}, connectionPoolSettings=ConnectionPoolSettings{maxSize=100, minSize=0, maxWaitTimeMS=120000, maxConnectionLifeTimeMS=0, maxConnectionIdleTimeMS=0, maintenanceInitialDelayMS=0, maintenanceFrequencyMS=60000, connectionPoolListeners=[], maxConnecting=2}, serverSettings=ServerSettings{heartbeatFrequencyMS=10000, minHeartbeatFrequencyMS=500, serverListeners='[]', serverMonitorListeners='[]'}, sslSettings=SslSettings{enabled=false, invalidHostNameAllowed=false, context=null}, applicationName='null', compressorList=[], uuidRepresentation=UNSPECIFIED, serverApi=null, autoEncryptionSettings=null, dnsClient=null, inetAddressResolver=null, contextProvider=null}
2025-03-28T14:43:04.421-04:00  INFO 97034 --- [-server-worker2] d.b.mongo.wire.MongoWireProtocolHandler  : client [id: 0xb0dc8280, L:/127.0.0.1:51232 - R:/127.0.0.1:51234] connected
2025-03-28T14:43:04.421-04:00  INFO 97034 --- [-server-worker1] d.b.mongo.wire.MongoWireProtocolHandler  : client [id: 0xb74ab9ab, L:/127.0.0.1:51232 - R:/127.0.0.1:51233] connected
2025-03-28T14:43:04.479-04:00  INFO 97034 --- [localhost:51232] org.mongodb.driver.cluster               : Monitor thread successfully connected to server with description ServerDescription{address=localhost:51232, type=STANDALONE, state=CONNECTED, ok=true, minWireVersion=0, maxWireVersion=6, maxDocumentSize=16777216, logicalSessionTimeoutMinutes=null, roundTripTimeNanos=68641226}
2025-03-28T14:43:04.882-04:00  INFO 97034 --- [-server-worker3] d.b.mongo.wire.MongoWireProtocolHandler  : client [id: 0x360d1279, L:/127.0.0.1:51232 - R:/127.0.0.1:51235] connected
2025-03-28T14:43:04.907-04:00  INFO 97034 --- [-server-worker3] d.b.mongo.backend.AbstractMongoBackend   : created database test
2025-03-28T14:43:04.910-04:00  INFO 97034 --- [-server-worker3] d.b.mongo.backend.AbstractMongoDatabase  : adding unique _id index for collection employee
2025-03-28T14:43:04.913-04:00  INFO 97034 --- [-server-worker3] d.b.mongo.backend.AbstractMongoDatabase  : created collection test.employee
2025-03-28T14:43:05.313-04:00  INFO 97034 --- [    Test worker] c.m.challenge.ChallengeApplicationTests  : Started ChallengeApplicationTests in 2.188 seconds (process running for 3.675)
]]></system-out>
  <system-err><![CDATA[]]></system-err>
</testsuite>
