<?xml version="1.0" encoding="UTF-8"?>
<testsuite name="com.mindex.challenge.DataBootstrapTest" tests="1" skipped="0" failures="0" errors="0" timestamp="2025-03-27T22:24:57" hostname="corays-mbp.wireless.rit.edu" time="0.673">
  <properties/>
  <testcase name="test" classname="com.mindex.challenge.DataBootstrapTest" time="0.673"/>
  <system-out><![CDATA[18:24:55.196 [Test worker] INFO org.springframework.test.context.support.AnnotationConfigContextLoaderUtils -- Could not detect default configuration classes for test class [com.mindex.challenge.DataBootstrapTest]: DataBootstrapTest does not declare any static, non-private, non-final, nested classes annotated with @Configuration.
18:24:55.290 [Test worker] INFO org.springframework.boot.test.context.SpringBootTestContextBootstrapper -- Found @SpringBootConfiguration com.mindex.challenge.ChallengeApplication for test class com.mindex.challenge.DataBootstrapTest

  .   ____          _            __ _ _
 /\\ / ___'_ __ _ _(_)_ __  __ _ \ \ \ \
( ( )\___ | '_ | '_| | '_ \/ _` | \ \ \ \
 \\/  ___)| |_)| | | | | || (_| |  ) ) ) )
  '  |____| .__|_| |_|_| |_\__, | / / / /
 =========|_|==============|___/=/_/_/_/
 :: Spring Boot ::                (v3.2.3)

2025-03-27T18:24:55.618-04:00  INFO 92466 --- [    Test worker] com.mindex.challenge.DataBootstrapTest   : Starting DataBootstrapTest using Java 17.0.8.1 with PID 92466 (started by coraybennett in /Users/coraybennett/Documents/code/mindex-code-challenge)
2025-03-27T18:24:55.619-04:00 DEBUG 92466 --- [    Test worker] com.mindex.challenge.DataBootstrapTest   : Running with Spring Boot v3.2.3, Spring v6.1.4
2025-03-27T18:24:55.620-04:00  INFO 92466 --- [    Test worker] com.mindex.challenge.DataBootstrapTest   : No active profile set, falling back to 1 default profile: "default"
2025-03-27T18:24:55.952-04:00  INFO 92466 --- [    Test worker] .s.d.r.c.RepositoryConfigurationDelegate : Bootstrapping Spring Data MongoDB repositories in DEFAULT mode.
2025-03-27T18:24:55.987-04:00  INFO 92466 --- [    Test worker] .s.d.r.c.RepositoryConfigurationDelegate : Finished Spring Data repository scanning in 31 ms. Found 1 MongoDB repository interface.
2025-03-27T18:24:56.469-04:00  INFO 92466 --- [    Test worker] de.bwaldvogel.mongo.MongoServer          : started MongoServer(port: 60138, ssl: false)
2025-03-27T18:24:56.562-04:00  INFO 92466 --- [    Test worker] org.mongodb.driver.client                : MongoClient with metadata {"driver": {"name": "mongo-java-driver|sync", "version": "4.11.1"}, "os": {"type": "Darwin", "name": "Mac OS X", "architecture": "x86_64", "version": "14.6.1"}, "platform": "Java/Eclipse Adoptium/17.0.8.1+1"} created with settings MongoClientSettings{readPreference=primary, writeConcern=WriteConcern{w=null, wTimeout=null ms, journal=null}, retryWrites=true, retryReads=true, readConcern=ReadConcern{level=null}, credential=null, transportSettings=null, streamFactoryFactory=null, commandListeners=[], codecRegistry=ProvidersCodecRegistry{codecProviders=[ValueCodecProvider{}, BsonValueCodecProvider{}, DBRefCodecProvider{}, DBObjectCodecProvider{}, DocumentCodecProvider{}, CollectionCodecProvider{}, IterableCodecProvider{}, MapCodecProvider{}, GeoJsonCodecProvider{}, GridFSFileCodecProvider{}, Jsr310CodecProvider{}, JsonObjectCodecProvider{}, BsonCodecProvider{}, EnumCodecProvider{}, com.mongodb.client.model.mql.ExpressionCodecProvider@3332c7a5, com.mongodb.Jep395RecordCodecProvider@2accaec2, com.mongodb.KotlinCodecProvider@3e39baf0]}, loggerSettings=LoggerSettings{maxDocumentLength=1000}, clusterSettings={hosts=[localhost:60138], srvServiceName=mongodb, mode=SINGLE, requiredClusterType=UNKNOWN, requiredReplicaSetName='null', serverSelector='null', clusterListeners='[]', serverSelectionTimeout='30000 ms', localThreshold='15 ms'}, socketSettings=SocketSettings{connectTimeoutMS=10000, readTimeoutMS=0, receiveBufferSize=0, proxySettings=ProxySettings{host=null, port=null, username=null, password=null}}, heartbeatSocketSettings=SocketSettings{connectTimeoutMS=10000, readTimeoutMS=10000, receiveBufferSize=0, proxySettings=ProxySettings{host=null, port=null, username=null, password=null}}, connectionPoolSettings=ConnectionPoolSettings{maxSize=100, minSize=0, maxWaitTimeMS=120000, maxConnectionLifeTimeMS=0, maxConnectionIdleTimeMS=0, maintenanceInitialDelayMS=0, maintenanceFrequencyMS=60000, connectionPoolListeners=[], maxConnecting=2}, serverSettings=ServerSettings{heartbeatFrequencyMS=10000, minHeartbeatFrequencyMS=500, serverListeners='[]', serverMonitorListeners='[]'}, sslSettings=SslSettings{enabled=false, invalidHostNameAllowed=false, context=null}, applicationName='null', compressorList=[], uuidRepresentation=UNSPECIFIED, serverApi=null, autoEncryptionSettings=null, dnsClient=null, inetAddressResolver=null, contextProvider=null}
2025-03-27T18:24:56.573-04:00  INFO 92466 --- [-server-worker1] d.b.mongo.wire.MongoWireProtocolHandler  : client [id: 0xc046a34b, L:/127.0.0.1:60138 - R:/127.0.0.1:60140] connected
2025-03-27T18:24:56.573-04:00  INFO 92466 --- [-server-worker2] d.b.mongo.wire.MongoWireProtocolHandler  : client [id: 0x76e8ce77, L:/127.0.0.1:60138 - R:/127.0.0.1:60139] connected
2025-03-27T18:24:56.628-04:00  INFO 92466 --- [localhost:60138] org.mongodb.driver.cluster               : Monitor thread successfully connected to server with description ServerDescription{address=localhost:60138, type=STANDALONE, state=CONNECTED, ok=true, minWireVersion=0, maxWireVersion=6, maxDocumentSize=16777216, logicalSessionTimeoutMinutes=null, roundTripTimeNanos=64141219}
2025-03-27T18:24:56.985-04:00  INFO 92466 --- [-server-worker3] d.b.mongo.wire.MongoWireProtocolHandler  : client [id: 0x61a4a7d1, L:/127.0.0.1:60138 - R:/127.0.0.1:60141] connected
2025-03-27T18:24:57.016-04:00  INFO 92466 --- [-server-worker3] d.b.mongo.backend.AbstractMongoBackend   : created database test
2025-03-27T18:24:57.019-04:00  INFO 92466 --- [-server-worker3] d.b.mongo.backend.AbstractMongoDatabase  : adding unique _id index for collection employee
2025-03-27T18:24:57.024-04:00  INFO 92466 --- [-server-worker3] d.b.mongo.backend.AbstractMongoDatabase  : created collection test.employee
2025-03-27T18:24:57.387-04:00  INFO 92466 --- [    Test worker] com.mindex.challenge.DataBootstrapTest   : Started DataBootstrapTest in 1.971 seconds (process running for 2.694)
]]></system-out>
  <system-err><![CDATA[]]></system-err>
</testsuite>
