<?xml version="1.0" encoding="UTF-8"?>
<testsuite name="com.mindex.challenge.ChallengeApplicationTests" tests="5" skipped="0" failures="0" errors="0" timestamp="2025-03-28T04:17:48" hostname="corays-mbp.wireless.rit.edu" time="0.045">
  <properties/>
  <testcase name="testReportingStructureCycle" classname="com.mindex.challenge.ChallengeApplicationTests" time="0.027"/>
  <testcase name="testReportingStructureLowLevel" classname="com.mindex.challenge.ChallengeApplicationTests" time="0.004"/>
  <testcase name="contextLoads" classname="com.mindex.challenge.ChallengeApplicationTests" time="0.003"/>
  <testcase name="testReportingStructureMidLevel" classname="com.mindex.challenge.ChallengeApplicationTests" time="0.004"/>
  <testcase name="testReportingStructureTopLevel" classname="com.mindex.challenge.ChallengeApplicationTests" time="0.003"/>
  <system-out><![CDATA[00:17:44.894 [Test worker] INFO org.springframework.test.context.support.AnnotationConfigContextLoaderUtils -- Could not detect default configuration classes for test class [com.mindex.challenge.ChallengeApplicationTests]: ChallengeApplicationTests does not declare any static, non-private, non-final, nested classes annotated with @Configuration.
00:17:45.020 [Test worker] INFO org.springframework.boot.test.context.SpringBootTestContextBootstrapper -- Found @SpringBootConfiguration com.mindex.challenge.ChallengeApplication for test class com.mindex.challenge.ChallengeApplicationTests

  .   ____          _            __ _ _
 /\\ / ___'_ __ _ _(_)_ __  __ _ \ \ \ \
( ( )\___ | '_ | '_| | '_ \/ _` | \ \ \ \
 \\/  ___)| |_)| | | | | || (_| |  ) ) ) )
  '  |____| .__|_| |_|_| |_\__, | / / / /
 =========|_|==============|___/=/_/_/_/
 :: Spring Boot ::                (v3.2.3)

2025-03-28T00:17:46.581-04:00  INFO 36861 --- [    Test worker] c.m.challenge.ChallengeApplicationTests  : Starting ChallengeApplicationTests using Java 17.0.8.1 with PID 36861 (started by coraybennett in /Users/coraybennett/Documents/code/mindex-code-challenge)
2025-03-28T00:17:46.582-04:00 DEBUG 36861 --- [    Test worker] c.m.challenge.ChallengeApplicationTests  : Running with Spring Boot v3.2.3, Spring v6.1.4
2025-03-28T00:17:46.584-04:00  INFO 36861 --- [    Test worker] c.m.challenge.ChallengeApplicationTests  : No active profile set, falling back to 1 default profile: "default"
2025-03-28T00:17:47.119-04:00  INFO 36861 --- [    Test worker] .s.d.r.c.RepositoryConfigurationDelegate : Bootstrapping Spring Data MongoDB repositories in DEFAULT mode.
2025-03-28T00:17:47.177-04:00  INFO 36861 --- [    Test worker] .s.d.r.c.RepositoryConfigurationDelegate : Finished Spring Data repository scanning in 52 ms. Found 1 MongoDB repository interface.
2025-03-28T00:17:47.926-04:00  INFO 36861 --- [    Test worker] de.bwaldvogel.mongo.MongoServer          : started MongoServer(port: 62828, ssl: false)
2025-03-28T00:17:48.035-04:00  INFO 36861 --- [    Test worker] org.mongodb.driver.client                : MongoClient with metadata {"driver": {"name": "mongo-java-driver|sync", "version": "4.11.1"}, "os": {"type": "Darwin", "name": "Mac OS X", "architecture": "x86_64", "version": "14.6.1"}, "platform": "Java/Eclipse Adoptium/17.0.8.1+1"} created with settings MongoClientSettings{readPreference=primary, writeConcern=WriteConcern{w=null, wTimeout=null ms, journal=null}, retryWrites=true, retryReads=true, readConcern=ReadConcern{level=null}, credential=null, transportSettings=null, streamFactoryFactory=null, commandListeners=[], codecRegistry=ProvidersCodecRegistry{codecProviders=[ValueCodecProvider{}, BsonValueCodecProvider{}, DBRefCodecProvider{}, DBObjectCodecProvider{}, DocumentCodecProvider{}, CollectionCodecProvider{}, IterableCodecProvider{}, MapCodecProvider{}, GeoJsonCodecProvider{}, GridFSFileCodecProvider{}, Jsr310CodecProvider{}, JsonObjectCodecProvider{}, BsonCodecProvider{}, EnumCodecProvider{}, com.mongodb.client.model.mql.ExpressionCodecProvider@456aa471, com.mongodb.Jep395RecordCodecProvider@69e2fe3b, com.mongodb.KotlinCodecProvider@27afbf14]}, loggerSettings=LoggerSettings{maxDocumentLength=1000}, clusterSettings={hosts=[localhost:62828], srvServiceName=mongodb, mode=SINGLE, requiredClusterType=UNKNOWN, requiredReplicaSetName='null', serverSelector='null', clusterListeners='[]', serverSelectionTimeout='30000 ms', localThreshold='15 ms'}, socketSettings=SocketSettings{connectTimeoutMS=10000, readTimeoutMS=0, receiveBufferSize=0, proxySettings=ProxySettings{host=null, port=null, username=null, password=null}}, heartbeatSocketSettings=SocketSettings{connectTimeoutMS=10000, readTimeoutMS=10000, receiveBufferSize=0, proxySettings=ProxySettings{host=null, port=null, username=null, password=null}}, connectionPoolSettings=ConnectionPoolSettings{maxSize=100, minSize=0, maxWaitTimeMS=120000, maxConnectionLifeTimeMS=0, maxConnectionIdleTimeMS=0, maintenanceInitialDelayMS=0, maintenanceFrequencyMS=60000, connectionPoolListeners=[], maxConnecting=2}, serverSettings=ServerSettings{heartbeatFrequencyMS=10000, minHeartbeatFrequencyMS=500, serverListeners='[]', serverMonitorListeners='[]'}, sslSettings=SslSettings{enabled=false, invalidHostNameAllowed=false, context=null}, applicationName='null', compressorList=[], uuidRepresentation=UNSPECIFIED, serverApi=null, autoEncryptionSettings=null, dnsClient=null, inetAddressResolver=null, contextProvider=null}
2025-03-28T00:17:48.051-04:00  INFO 36861 --- [-server-worker2] d.b.mongo.wire.MongoWireProtocolHandler  : client [id: 0x3d046a06, L:/127.0.0.1:62828 - R:/127.0.0.1:62830] connected
2025-03-28T00:17:48.051-04:00  INFO 36861 --- [-server-worker1] d.b.mongo.wire.MongoWireProtocolHandler  : client [id: 0x01fb7e31, L:/127.0.0.1:62828 - R:/127.0.0.1:62829] connected
2025-03-28T00:17:48.110-04:00  INFO 36861 --- [localhost:62828] org.mongodb.driver.cluster               : Monitor thread successfully connected to server with description ServerDescription{address=localhost:62828, type=STANDALONE, state=CONNECTED, ok=true, minWireVersion=0, maxWireVersion=6, maxDocumentSize=16777216, logicalSessionTimeoutMinutes=null, roundTripTimeNanos=72188199}
2025-03-28T00:17:48.502-04:00  INFO 36861 --- [-server-worker3] d.b.mongo.wire.MongoWireProtocolHandler  : client [id: 0x70439502, L:/127.0.0.1:62828 - R:/127.0.0.1:62831] connected
2025-03-28T00:17:48.533-04:00  INFO 36861 --- [-server-worker3] d.b.mongo.backend.AbstractMongoBackend   : created database test
2025-03-28T00:17:48.537-04:00  INFO 36861 --- [-server-worker3] d.b.mongo.backend.AbstractMongoDatabase  : adding unique _id index for collection employee
2025-03-28T00:17:48.541-04:00  INFO 36861 --- [-server-worker3] d.b.mongo.backend.AbstractMongoDatabase  : created collection test.employee
2025-03-28T00:17:48.924-04:00  INFO 36861 --- [    Test worker] c.m.challenge.ChallengeApplicationTests  : Started ChallengeApplicationTests in 2.685 seconds (process running for 4.698)
]]></system-out>
  <system-err><![CDATA[]]></system-err>
</testsuite>
