<?xml version="1.0" encoding="UTF-8"?>
<testsuite name="com.mindex.challenge.ChallengeApplicationTests" tests="1" skipped="0" failures="0" errors="0" timestamp="2025-03-28T02:56:19" hostname="corays-mbp.wireless.rit.edu" time="0.639">
  <properties/>
  <testcase name="testReportingStructureTopLevel" classname="com.mindex.challenge.ChallengeApplicationTests" time="0.639"/>
  <system-out><![CDATA[22:56:16.903 [Test worker] INFO org.springframework.test.context.support.AnnotationConfigContextLoaderUtils -- Could not detect default configuration classes for test class [com.mindex.challenge.ChallengeApplicationTests]: ChallengeApplicationTests does not declare any static, non-private, non-final, nested classes annotated with @Configuration.
22:56:16.992 [Test worker] INFO org.springframework.boot.test.context.SpringBootTestContextBootstrapper -- Found @SpringBootConfiguration com.mindex.challenge.ChallengeApplication for test class com.mindex.challenge.ChallengeApplicationTests

  .   ____          _            __ _ _
 /\\ / ___'_ __ _ _(_)_ __  __ _ \ \ \ \
( ( )\___ | '_ | '_| | '_ \/ _` | \ \ \ \
 \\/  ___)| |_)| | | | | || (_| |  ) ) ) )
  '  |____| .__|_| |_|_| |_\__, | / / / /
 =========|_|==============|___/=/_/_/_/
 :: Spring Boot ::                (v3.2.3)

2025-03-27T22:56:17.318-04:00  INFO 72984 --- [    Test worker] c.m.challenge.ChallengeApplicationTests  : Starting ChallengeApplicationTests using Java 17.0.8.1 with PID 72984 (started by coraybennett in /Users/coraybennett/Documents/code/mindex-code-challenge)
2025-03-27T22:56:17.319-04:00 DEBUG 72984 --- [    Test worker] c.m.challenge.ChallengeApplicationTests  : Running with Spring Boot v3.2.3, Spring v6.1.4
2025-03-27T22:56:17.320-04:00  INFO 72984 --- [    Test worker] c.m.challenge.ChallengeApplicationTests  : No active profile set, falling back to 1 default profile: "default"
2025-03-27T22:56:17.653-04:00  INFO 72984 --- [    Test worker] .s.d.r.c.RepositoryConfigurationDelegate : Bootstrapping Spring Data MongoDB repositories in DEFAULT mode.
2025-03-27T22:56:17.690-04:00  INFO 72984 --- [    Test worker] .s.d.r.c.RepositoryConfigurationDelegate : Finished Spring Data repository scanning in 33 ms. Found 1 MongoDB repository interface.
2025-03-27T22:56:18.182-04:00  INFO 72984 --- [    Test worker] de.bwaldvogel.mongo.MongoServer          : started MongoServer(port: 62350, ssl: false)
2025-03-27T22:56:18.276-04:00  INFO 72984 --- [    Test worker] org.mongodb.driver.client                : MongoClient with metadata {"driver": {"name": "mongo-java-driver|sync", "version": "4.11.1"}, "os": {"type": "Darwin", "name": "Mac OS X", "architecture": "x86_64", "version": "14.6.1"}, "platform": "Java/Eclipse Adoptium/17.0.8.1+1"} created with settings MongoClientSettings{readPreference=primary, writeConcern=WriteConcern{w=null, wTimeout=null ms, journal=null}, retryWrites=true, retryReads=true, readConcern=ReadConcern{level=null}, credential=null, transportSettings=null, streamFactoryFactory=null, commandListeners=[], codecRegistry=ProvidersCodecRegistry{codecProviders=[ValueCodecProvider{}, BsonValueCodecProvider{}, DBRefCodecProvider{}, DBObjectCodecProvider{}, DocumentCodecProvider{}, CollectionCodecProvider{}, IterableCodecProvider{}, MapCodecProvider{}, GeoJsonCodecProvider{}, GridFSFileCodecProvider{}, Jsr310CodecProvider{}, JsonObjectCodecProvider{}, BsonCodecProvider{}, EnumCodecProvider{}, com.mongodb.client.model.mql.ExpressionCodecProvider@ec7b5de, com.mongodb.Jep395RecordCodecProvider@4c19d42e, com.mongodb.KotlinCodecProvider@373e6b9d]}, loggerSettings=LoggerSettings{maxDocumentLength=1000}, clusterSettings={hosts=[localhost:62350], srvServiceName=mongodb, mode=SINGLE, requiredClusterType=UNKNOWN, requiredReplicaSetName='null', serverSelector='null', clusterListeners='[]', serverSelectionTimeout='30000 ms', localThreshold='15 ms'}, socketSettings=SocketSettings{connectTimeoutMS=10000, readTimeoutMS=0, receiveBufferSize=0, proxySettings=ProxySettings{host=null, port=null, username=null, password=null}}, heartbeatSocketSettings=SocketSettings{connectTimeoutMS=10000, readTimeoutMS=10000, receiveBufferSize=0, proxySettings=ProxySettings{host=null, port=null, username=null, password=null}}, connectionPoolSettings=ConnectionPoolSettings{maxSize=100, minSize=0, maxWaitTimeMS=120000, maxConnectionLifeTimeMS=0, maxConnectionIdleTimeMS=0, maintenanceInitialDelayMS=0, maintenanceFrequencyMS=60000, connectionPoolListeners=[], maxConnecting=2}, serverSettings=ServerSettings{heartbeatFrequencyMS=10000, minHeartbeatFrequencyMS=500, serverListeners='[]', serverMonitorListeners='[]'}, sslSettings=SslSettings{enabled=false, invalidHostNameAllowed=false, context=null}, applicationName='null', compressorList=[], uuidRepresentation=UNSPECIFIED, serverApi=null, autoEncryptionSettings=null, dnsClient=null, inetAddressResolver=null, contextProvider=null}
2025-03-27T22:56:18.289-04:00  INFO 72984 --- [-server-worker1] d.b.mongo.wire.MongoWireProtocolHandler  : client [id: 0x31b529f2, L:/127.0.0.1:62350 - R:/127.0.0.1:62351] connected
2025-03-27T22:56:18.289-04:00  INFO 72984 --- [-server-worker2] d.b.mongo.wire.MongoWireProtocolHandler  : client [id: 0xeedf76a1, L:/127.0.0.1:62350 - R:/127.0.0.1:62352] connected
2025-03-27T22:56:18.341-04:00  INFO 72984 --- [localhost:62350] org.mongodb.driver.cluster               : Monitor thread successfully connected to server with description ServerDescription{address=localhost:62350, type=STANDALONE, state=CONNECTED, ok=true, minWireVersion=0, maxWireVersion=6, maxDocumentSize=16777216, logicalSessionTimeoutMinutes=null, roundTripTimeNanos=61668299}
2025-03-27T22:56:18.698-04:00  INFO 72984 --- [-server-worker3] d.b.mongo.wire.MongoWireProtocolHandler  : client [id: 0x9efafe2d, L:/127.0.0.1:62350 - R:/127.0.0.1:62353] connected
2025-03-27T22:56:18.721-04:00  INFO 72984 --- [-server-worker3] d.b.mongo.backend.AbstractMongoBackend   : created database test
2025-03-27T22:56:18.725-04:00  INFO 72984 --- [-server-worker3] d.b.mongo.backend.AbstractMongoDatabase  : adding unique _id index for collection employee
2025-03-27T22:56:18.731-04:00  INFO 72984 --- [-server-worker3] d.b.mongo.backend.AbstractMongoDatabase  : created collection test.employee
2025-03-27T22:56:19.085-04:00  INFO 72984 --- [    Test worker] c.m.challenge.ChallengeApplicationTests  : Started ChallengeApplicationTests in 1.965 seconds (process running for 2.708)
]]></system-out>
  <system-err><![CDATA[]]></system-err>
</testsuite>
