<?xml version="1.0" encoding="UTF-8"?>
<testsuite name="com.mindex.challenge.ChallengeApplicationTests" tests="5" skipped="0" failures="0" errors="0" timestamp="2025-03-28T13:22:13.986Z" hostname="corays-mbp.wireless.rit.edu" time="0.042">
  <properties/>
  <testcase name="testReportingStructureCycle" classname="com.mindex.challenge.ChallengeApplicationTests" time="0.025"/>
  <testcase name="testReportingStructureLowLevel" classname="com.mindex.challenge.ChallengeApplicationTests" time="0.003"/>
  <testcase name="contextLoads" classname="com.mindex.challenge.ChallengeApplicationTests" time="0.003"/>
  <testcase name="testReportingStructureMidLevel" classname="com.mindex.challenge.ChallengeApplicationTests" time="0.003"/>
  <testcase name="testReportingStructureTopLevel" classname="com.mindex.challenge.ChallengeApplicationTests" time="0.003"/>
  <system-out><![CDATA[09:22:11.210 [Test worker] INFO org.springframework.test.context.support.AnnotationConfigContextLoaderUtils -- Could not detect default configuration classes for test class [com.mindex.challenge.ChallengeApplicationTests]: ChallengeApplicationTests does not declare any static, non-private, non-final, nested classes annotated with @Configuration.
09:22:11.291 [Test worker] INFO org.springframework.boot.test.context.SpringBootTestContextBootstrapper -- Found @SpringBootConfiguration com.mindex.challenge.ChallengeApplication for test class com.mindex.challenge.ChallengeApplicationTests

  .   ____          _            __ _ _
 /\\ / ___'_ __ _ _(_)_ __  __ _ \ \ \ \
( ( )\___ | '_ | '_| | '_ \/ _` | \ \ \ \
 \\/  ___)| |_)| | | | | || (_| |  ) ) ) )
  '  |____| .__|_| |_|_| |_\__, | / / / /
 =========|_|==============|___/=/_/_/_/
?[32m :: Spring Boot :: ?[39m              ?[2m (v3.2.3)?[0;39m

?[2m2025-03-28T09:22:12.342-04:00?[0;39m ?[32m INFO?[0;39m ?[35m16562?[0;39m ?[2m---?[0;39m ?[2m[    Test worker]?[0;39m ?[2m?[0;39m?[36mc.m.challenge.ChallengeApplicationTests ?[0;39m ?[2m:?[0;39m Starting ChallengeApplicationTests using Java 23.0.2 with PID 16562 (started by coraybennett in /Users/coraybennett/Documents/code/mindex-code-challenge)
?[2m2025-03-28T09:22:12.343-04:00?[0;39m ?[32mDEBUG?[0;39m ?[35m16562?[0;39m ?[2m---?[0;39m ?[2m[    Test worker]?[0;39m ?[2m?[0;39m?[36mc.m.challenge.ChallengeApplicationTests ?[0;39m ?[2m:?[0;39m Running with Spring Boot v3.2.3, Spring v6.1.4
?[2m2025-03-28T09:22:12.344-04:00?[0;39m ?[32m INFO?[0;39m ?[35m16562?[0;39m ?[2m---?[0;39m ?[2m[    Test worker]?[0;39m ?[2m?[0;39m?[36mc.m.challenge.ChallengeApplicationTests ?[0;39m ?[2m:?[0;39m No active profile set, falling back to 1 default profile: "default"
?[2m2025-03-28T09:22:12.664-04:00?[0;39m ?[32m INFO?[0;39m ?[35m16562?[0;39m ?[2m---?[0;39m ?[2m[    Test worker]?[0;39m ?[2m?[0;39m?[36m.s.d.r.c.RepositoryConfigurationDelegate?[0;39m ?[2m:?[0;39m Bootstrapping Spring Data MongoDB repositories in DEFAULT mode.
?[2m2025-03-28T09:22:12.688-04:00?[0;39m ?[32m INFO?[0;39m ?[35m16562?[0;39m ?[2m---?[0;39m ?[2m[    Test worker]?[0;39m ?[2m?[0;39m?[36m.s.d.r.c.RepositoryConfigurationDelegate?[0;39m ?[2m:?[0;39m Finished Spring Data repository scanning in 21 ms. Found 1 MongoDB repository interface.
?[2m2025-03-28T09:22:13.128-04:00?[0;39m ?[32m INFO?[0;39m ?[35m16562?[0;39m ?[2m---?[0;39m ?[2m[    Test worker]?[0;39m ?[2m?[0;39m?[36mde.bwaldvogel.mongo.MongoServer         ?[0;39m ?[2m:?[0;39m started MongoServer(port: 64995, ssl: false)
?[2m2025-03-28T09:22:13.219-04:00?[0;39m ?[32m INFO?[0;39m ?[35m16562?[0;39m ?[2m---?[0;39m ?[2m[    Test worker]?[0;39m ?[2m?[0;39m?[36morg.mongodb.driver.client               ?[0;39m ?[2m:?[0;39m MongoClient with metadata {"driver": {"name": "mongo-java-driver|sync", "version": "4.11.1"}, "os": {"type": "Darwin", "name": "Mac OS X", "architecture": "x86_64", "version": "14.6.1"}, "platform": "Java/Homebrew/23.0.2"} created with settings MongoClientSettings{readPreference=primary, writeConcern=WriteConcern{w=null, wTimeout=null ms, journal=null}, retryWrites=true, retryReads=true, readConcern=ReadConcern{level=null}, credential=null, transportSettings=null, streamFactoryFactory=null, commandListeners=[], codecRegistry=ProvidersCodecRegistry{codecProviders=[ValueCodecProvider{}, BsonValueCodecProvider{}, DBRefCodecProvider{}, DBObjectCodecProvider{}, DocumentCodecProvider{}, CollectionCodecProvider{}, IterableCodecProvider{}, MapCodecProvider{}, GeoJsonCodecProvider{}, GridFSFileCodecProvider{}, Jsr310CodecProvider{}, JsonObjectCodecProvider{}, BsonCodecProvider{}, EnumCodecProvider{}, com.mongodb.client.model.mql.ExpressionCodecProvider@c318864, com.mongodb.Jep395RecordCodecProvider@7d61468c, com.mongodb.KotlinCodecProvider@45796b2a]}, loggerSettings=LoggerSettings{maxDocumentLength=1000}, clusterSettings={hosts=[localhost:64995], srvServiceName=mongodb, mode=SINGLE, requiredClusterType=UNKNOWN, requiredReplicaSetName='null', serverSelector='null', clusterListeners='[]', serverSelectionTimeout='30000 ms', localThreshold='15 ms'}, socketSettings=SocketSettings{connectTimeoutMS=10000, readTimeoutMS=0, receiveBufferSize=0, proxySettings=ProxySettings{host=null, port=null, username=null, password=null}}, heartbeatSocketSettings=SocketSettings{connectTimeoutMS=10000, readTimeoutMS=10000, receiveBufferSize=0, proxySettings=ProxySettings{host=null, port=null, username=null, password=null}}, connectionPoolSettings=ConnectionPoolSettings{maxSize=100, minSize=0, maxWaitTimeMS=120000, maxConnectionLifeTimeMS=0, maxConnectionIdleTimeMS=0, maintenanceInitialDelayMS=0, maintenanceFrequencyMS=60000, connectionPoolListeners=[], maxConnecting=2}, serverSettings=ServerSettings{heartbeatFrequencyMS=10000, minHeartbeatFrequencyMS=500, serverListeners='[]', serverMonitorListeners='[]'}, sslSettings=SslSettings{enabled=false, invalidHostNameAllowed=false, context=null}, applicationName='null', compressorList=[], uuidRepresentation=UNSPECIFIED, serverApi=null, autoEncryptionSettings=null, dnsClient=null, inetAddressResolver=null, contextProvider=null}
?[2m2025-03-28T09:22:13.229-04:00?[0;39m ?[32m INFO?[0;39m ?[35m16562?[0;39m ?[2m---?[0;39m ?[2m[-server-worker1]?[0;39m ?[2m?[0;39m?[36md.b.mongo.wire.MongoWireProtocolHandler ?[0;39m ?[2m:?[0;39m client [id: 0xa7b28eca, L:/127.0.0.1:64995 - R:/127.0.0.1:64997] connected
?[2m2025-03-28T09:22:13.229-04:00?[0;39m ?[32m INFO?[0;39m ?[35m16562?[0;39m ?[2m---?[0;39m ?[2m[-server-worker2]?[0;39m ?[2m?[0;39m?[36md.b.mongo.wire.MongoWireProtocolHandler ?[0;39m ?[2m:?[0;39m client [id: 0xca4ec251, L:/127.0.0.1:64995 - R:/127.0.0.1:64996] connected
?[2m2025-03-28T09:22:13.276-04:00?[0;39m ?[32m INFO?[0;39m ?[35m16562?[0;39m ?[2m---?[0;39m ?[2m[localhost:64995]?[0;39m ?[2m?[0;39m?[36morg.mongodb.driver.cluster              ?[0;39m ?[2m:?[0;39m Monitor thread successfully connected to server with description ServerDescription{address=localhost:64995, type=STANDALONE, state=CONNECTED, ok=true, minWireVersion=0, maxWireVersion=6, maxDocumentSize=16777216, logicalSessionTimeoutMinutes=null, roundTripTimeNanos=51507155}
?[2m2025-03-28T09:22:13.596-04:00?[0;39m ?[32m INFO?[0;39m ?[35m16562?[0;39m ?[2m---?[0;39m ?[2m[-server-worker3]?[0;39m ?[2m?[0;39m?[36md.b.mongo.wire.MongoWireProtocolHandler ?[0;39m ?[2m:?[0;39m client [id: 0xf39cbf4f, L:/127.0.0.1:64995 - R:/127.0.0.1:64998] connected
?[2m2025-03-28T09:22:13.617-04:00?[0;39m ?[32m INFO?[0;39m ?[35m16562?[0;39m ?[2m---?[0;39m ?[2m[-server-worker3]?[0;39m ?[2m?[0;39m?[36md.b.mongo.backend.AbstractMongoBackend  ?[0;39m ?[2m:?[0;39m created database test
?[2m2025-03-28T09:22:13.621-04:00?[0;39m ?[32m INFO?[0;39m ?[35m16562?[0;39m ?[2m---?[0;39m ?[2m[-server-worker3]?[0;39m ?[2m?[0;39m?[36md.b.mongo.backend.AbstractMongoDatabase ?[0;39m ?[2m:?[0;39m adding unique _id index for collection employee
?[2m2025-03-28T09:22:13.625-04:00?[0;39m ?[32m INFO?[0;39m ?[35m16562?[0;39m ?[2m---?[0;39m ?[2m[-server-worker3]?[0;39m ?[2m?[0;39m?[36md.b.mongo.backend.AbstractMongoDatabase ?[0;39m ?[2m:?[0;39m created collection test.employee
?[2m2025-03-28T09:22:13.971-04:00?[0;39m ?[32m INFO?[0;39m ?[35m16562?[0;39m ?[2m---?[0;39m ?[2m[    Test worker]?[0;39m ?[2m?[0;39m?[36mc.m.challenge.ChallengeApplicationTests ?[0;39m ?[2m:?[0;39m Started ChallengeApplicationTests in 1.837 seconds (process running for 3.324)
]]></system-out>
  <system-err><![CDATA[WARNING: A Java agent has been loaded dynamically (/Users/coraybennett/.gradle/caches/modules-2/files-2.1/net.bytebuddy/byte-buddy-agent/1.14.12/be4984cb6fd1ef1d11f218a648889dfda44b8a15/byte-buddy-agent-1.14.12.jar)
WARNING: If a serviceability tool is in use, please run with -XX:+EnableDynamicAgentLoading to hide this warning
WARNING: If a serviceability tool is not in use, please run with -Djdk.instrument.traceUsage for more information
WARNING: Dynamic loading of agents will be disallowed by default in a future release
]]></system-err>
</testsuite>
