<?xml version="1.0" encoding="UTF-8"?>
<testsuite name="com.mindex.challenge.service.impl.EmployeeServiceImplTest" tests="1" skipped="0" failures="0" errors="0" timestamp="2025-03-28T13:22:14.590Z" hostname="corays-mbp.wireless.rit.edu" time="0.151">
  <properties/>
  <testcase name="testCreateReadUpdate" classname="com.mindex.challenge.service.impl.EmployeeServiceImplTest" time="0.151"/>
  <system-out><![CDATA[?[2m2025-03-28T09:22:14.089-04:00?[0;39m ?[32m INFO?[0;39m ?[35m16562?[0;39m ?[2m---?[0;39m ?[2m[    Test worker]?[0;39m ?[2m?[0;39m?[36mt.c.s.AnnotationConfigContextLoaderUtils?[0;39m ?[2m:?[0;39m Could not detect default configuration classes for test class [com.mindex.challenge.service.impl.EmployeeServiceImplTest]: EmployeeServiceImplTest does not declare any static, non-private, non-final, nested classes annotated with @Configuration.
?[2m2025-03-28T09:22:14.097-04:00?[0;39m ?[32m INFO?[0;39m ?[35m16562?[0;39m ?[2m---?[0;39m ?[2m[    Test worker]?[0;39m ?[2m?[0;39m?[36m.b.t.c.SpringBootTestContextBootstrapper?[0;39m ?[2m:?[0;39m Found @SpringBootConfiguration com.mindex.challenge.ChallengeApplication for test class com.mindex.challenge.service.impl.EmployeeServiceImplTest

  .   ____          _            __ _ _
 /\\ / ___'_ __ _ _(_)_ __  __ _ \ \ \ \
( ( )\___ | '_ | '_| | '_ \/ _` | \ \ \ \
 \\/  ___)| |_)| | | | | || (_| |  ) ) ) )
  '  |____| .__|_| |_|_| |_\__, | / / / /
 =========|_|==============|___/=/_/_/_/
?[32m :: Spring Boot :: ?[39m              ?[2m (v3.2.3)?[0;39m

?[2m2025-03-28T09:22:14.120-04:00?[0;39m ?[32m INFO?[0;39m ?[35m16562?[0;39m ?[2m---?[0;39m ?[2m[    Test worker]?[0;39m ?[2m?[0;39m?[36mc.m.c.s.impl.EmployeeServiceImplTest    ?[0;39m ?[2m:?[0;39m Starting EmployeeServiceImplTest using Java 23.0.2 with PID 16562 (started by coraybennett in /Users/coraybennett/Documents/code/mindex-code-challenge)
?[2m2025-03-28T09:22:14.120-04:00?[0;39m ?[32mDEBUG?[0;39m ?[35m16562?[0;39m ?[2m---?[0;39m ?[2m[    Test worker]?[0;39m ?[2m?[0;39m?[36mc.m.c.s.impl.EmployeeServiceImplTest    ?[0;39m ?[2m:?[0;39m Running with Spring Boot v3.2.3, Spring v6.1.4
?[2m2025-03-28T09:22:14.120-04:00?[0;39m ?[32m INFO?[0;39m ?[35m16562?[0;39m ?[2m---?[0;39m ?[2m[    Test worker]?[0;39m ?[2m?[0;39m?[36mc.m.c.s.impl.EmployeeServiceImplTest    ?[0;39m ?[2m:?[0;39m No active profile set, falling back to 1 default profile: "default"
?[2m2025-03-28T09:22:14.199-04:00?[0;39m ?[32m INFO?[0;39m ?[35m16562?[0;39m ?[2m---?[0;39m ?[2m[    Test worker]?[0;39m ?[2m?[0;39m?[36m.s.d.r.c.RepositoryConfigurationDelegate?[0;39m ?[2m:?[0;39m Bootstrapping Spring Data MongoDB repositories in DEFAULT mode.
?[2m2025-03-28T09:22:14.202-04:00?[0;39m ?[32m INFO?[0;39m ?[35m16562?[0;39m ?[2m---?[0;39m ?[2m[    Test worker]?[0;39m ?[2m?[0;39m?[36m.s.d.r.c.RepositoryConfigurationDelegate?[0;39m ?[2m:?[0;39m Finished Spring Data repository scanning in 2 ms. Found 1 MongoDB repository interface.
?[2m2025-03-28T09:22:14.355-04:00?[0;39m ?[32m INFO?[0;39m ?[35m16562?[0;39m ?[2m---?[0;39m ?[2m[    Test worker]?[0;39m ?[2m?[0;39m?[36mo.s.b.w.embedded.tomcat.TomcatWebServer ?[0;39m ?[2m:?[0;39m Tomcat initialized with port 0 (http)
?[2m2025-03-28T09:22:14.365-04:00?[0;39m ?[32m INFO?[0;39m ?[35m16562?[0;39m ?[2m---?[0;39m ?[2m[    Test worker]?[0;39m ?[2m?[0;39m?[36mo.apache.catalina.core.StandardService  ?[0;39m ?[2m:?[0;39m Starting service [Tomcat]
?[2m2025-03-28T09:22:14.365-04:00?[0;39m ?[32m INFO?[0;39m ?[35m16562?[0;39m ?[2m---?[0;39m ?[2m[    Test worker]?[0;39m ?[2m?[0;39m?[36mo.apache.catalina.core.StandardEngine   ?[0;39m ?[2m:?[0;39m Starting Servlet engine: [Apache Tomcat/10.1.19]
?[2m2025-03-28T09:22:14.403-04:00?[0;39m ?[32m INFO?[0;39m ?[35m16562?[0;39m ?[2m---?[0;39m ?[2m[    Test worker]?[0;39m ?[2m?[0;39m?[36mo.a.c.c.C.[Tomcat].[localhost].[/]      ?[0;39m ?[2m:?[0;39m Initializing Spring embedded WebApplicationContext
?[2m2025-03-28T09:22:14.405-04:00?[0;39m ?[32m INFO?[0;39m ?[35m16562?[0;39m ?[2m---?[0;39m ?[2m[    Test worker]?[0;39m ?[2m?[0;39m?[36mw.s.c.ServletWebServerApplicationContext?[0;39m ?[2m:?[0;39m Root WebApplicationContext: initialization completed in 283 ms
?[2m2025-03-28T09:22:14.446-04:00?[0;39m ?[32m INFO?[0;39m ?[35m16562?[0;39m ?[2m---?[0;39m ?[2m[    Test worker]?[0;39m ?[2m?[0;39m?[36mde.bwaldvogel.mongo.MongoServer         ?[0;39m ?[2m:?[0;39m started MongoServer(port: 64999, ssl: false)
?[2m2025-03-28T09:22:14.450-04:00?[0;39m ?[32m INFO?[0;39m ?[35m16562?[0;39m ?[2m---?[0;39m ?[2m[    Test worker]?[0;39m ?[2m?[0;39m?[36morg.mongodb.driver.client               ?[0;39m ?[2m:?[0;39m MongoClient with metadata {"driver": {"name": "mongo-java-driver|sync", "version": "4.11.1"}, "os": {"type": "Darwin", "name": "Mac OS X", "architecture": "x86_64", "version": "14.6.1"}, "platform": "Java/Homebrew/23.0.2"} created with settings MongoClientSettings{readPreference=primary, writeConcern=WriteConcern{w=null, wTimeout=null ms, journal=null}, retryWrites=true, retryReads=true, readConcern=ReadConcern{level=null}, credential=null, transportSettings=null, streamFactoryFactory=null, commandListeners=[], codecRegistry=ProvidersCodecRegistry{codecProviders=[ValueCodecProvider{}, BsonValueCodecProvider{}, DBRefCodecProvider{}, DBObjectCodecProvider{}, DocumentCodecProvider{}, CollectionCodecProvider{}, IterableCodecProvider{}, MapCodecProvider{}, GeoJsonCodecProvider{}, GridFSFileCodecProvider{}, Jsr310CodecProvider{}, JsonObjectCodecProvider{}, BsonCodecProvider{}, EnumCodecProvider{}, com.mongodb.client.model.mql.ExpressionCodecProvider@c318864, com.mongodb.Jep395RecordCodecProvider@7d61468c, com.mongodb.KotlinCodecProvider@45796b2a]}, loggerSettings=LoggerSettings{maxDocumentLength=1000}, clusterSettings={hosts=[localhost:64999], srvServiceName=mongodb, mode=SINGLE, requiredClusterType=UNKNOWN, requiredReplicaSetName='null', serverSelector='null', clusterListeners='[]', serverSelectionTimeout='30000 ms', localThreshold='15 ms'}, socketSettings=SocketSettings{connectTimeoutMS=10000, readTimeoutMS=0, receiveBufferSize=0, proxySettings=ProxySettings{host=null, port=null, username=null, password=null}}, heartbeatSocketSettings=SocketSettings{connectTimeoutMS=10000, readTimeoutMS=10000, receiveBufferSize=0, proxySettings=ProxySettings{host=null, port=null, username=null, password=null}}, connectionPoolSettings=ConnectionPoolSettings{maxSize=100, minSize=0, maxWaitTimeMS=120000, maxConnectionLifeTimeMS=0, maxConnectionIdleTimeMS=0, maintenanceInitialDelayMS=0, maintenanceFrequencyMS=60000, connectionPoolListeners=[], maxConnecting=2}, serverSettings=ServerSettings{heartbeatFrequencyMS=10000, minHeartbeatFrequencyMS=500, serverListeners='[]', serverMonitorListeners='[]'}, sslSettings=SslSettings{enabled=false, invalidHostNameAllowed=false, context=null}, applicationName='null', compressorList=[], uuidRepresentation=UNSPECIFIED, serverApi=null, autoEncryptionSettings=null, dnsClient=null, inetAddressResolver=null, contextProvider=null}
?[2m2025-03-28T09:22:14.451-04:00?[0;39m ?[32m INFO?[0;39m ?[35m16562?[0;39m ?[2m---?[0;39m ?[2m[-server-worker1]?[0;39m ?[2m?[0;39m?[36md.b.mongo.wire.MongoWireProtocolHandler ?[0;39m ?[2m:?[0;39m client [id: 0x1f299e08, L:/127.0.0.1:64999 - R:/127.0.0.1:65001] connected
?[2m2025-03-28T09:22:14.451-04:00?[0;39m ?[32m INFO?[0;39m ?[35m16562?[0;39m ?[2m---?[0;39m ?[2m[-server-worker2]?[0;39m ?[2m?[0;39m?[36md.b.mongo.wire.MongoWireProtocolHandler ?[0;39m ?[2m:?[0;39m client [id: 0x4850e9b1, L:/127.0.0.1:64999 - R:/127.0.0.1:65000] connected
?[2m2025-03-28T09:22:14.454-04:00?[0;39m ?[32m INFO?[0;39m ?[35m16562?[0;39m ?[2m---?[0;39m ?[2m[localhost:64999]?[0;39m ?[2m?[0;39m?[36morg.mongodb.driver.cluster              ?[0;39m ?[2m:?[0;39m Monitor thread successfully connected to server with description ServerDescription{address=localhost:64999, type=STANDALONE, state=CONNECTED, ok=true, minWireVersion=0, maxWireVersion=6, maxDocumentSize=16777216, logicalSessionTimeoutMinutes=null, roundTripTimeNanos=3367474}
?[2m2025-03-28T09:22:14.494-04:00?[0;39m ?[32m INFO?[0;39m ?[35m16562?[0;39m ?[2m---?[0;39m ?[2m[-server-worker3]?[0;39m ?[2m?[0;39m?[36md.b.mongo.wire.MongoWireProtocolHandler ?[0;39m ?[2m:?[0;39m client [id: 0xd7b4c43e, L:/127.0.0.1:64999 - R:/127.0.0.1:65002] connected
?[2m2025-03-28T09:22:14.498-04:00?[0;39m ?[32m INFO?[0;39m ?[35m16562?[0;39m ?[2m---?[0;39m ?[2m[-server-worker3]?[0;39m ?[2m?[0;39m?[36md.b.mongo.backend.AbstractMongoBackend  ?[0;39m ?[2m:?[0;39m created database test
?[2m2025-03-28T09:22:14.498-04:00?[0;39m ?[32m INFO?[0;39m ?[35m16562?[0;39m ?[2m---?[0;39m ?[2m[-server-worker3]?[0;39m ?[2m?[0;39m?[36md.b.mongo.backend.AbstractMongoDatabase ?[0;39m ?[2m:?[0;39m adding unique _id index for collection employee
?[2m2025-03-28T09:22:14.498-04:00?[0;39m ?[32m INFO?[0;39m ?[35m16562?[0;39m ?[2m---?[0;39m ?[2m[-server-worker3]?[0;39m ?[2m?[0;39m?[36md.b.mongo.backend.AbstractMongoDatabase ?[0;39m ?[2m:?[0;39m created collection test.employee
?[2m2025-03-28T09:22:14.585-04:00?[0;39m ?[32m INFO?[0;39m ?[35m16562?[0;39m ?[2m---?[0;39m ?[2m[    Test worker]?[0;39m ?[2m?[0;39m?[36mo.s.b.w.embedded.tomcat.TomcatWebServer ?[0;39m ?[2m:?[0;39m Tomcat started on port 65003 (http) with context path ''
?[2m2025-03-28T09:22:14.588-04:00?[0;39m ?[32m INFO?[0;39m ?[35m16562?[0;39m ?[2m---?[0;39m ?[2m[    Test worker]?[0;39m ?[2m?[0;39m?[36mc.m.c.s.impl.EmployeeServiceImplTest    ?[0;39m ?[2m:?[0;39m Started EmployeeServiceImplTest in 0.489 seconds (process running for 3.941)
?[2m2025-03-28T09:22:14.675-04:00?[0;39m ?[32m INFO?[0;39m ?[35m16562?[0;39m ?[2m---?[0;39m ?[2m[o-auto-1-exec-1]?[0;39m ?[2m?[0;39m?[36mo.a.c.c.C.[Tomcat].[localhost].[/]      ?[0;39m ?[2m:?[0;39m Initializing Spring DispatcherServlet 'dispatcherServlet'
?[2m2025-03-28T09:22:14.676-04:00?[0;39m ?[32m INFO?[0;39m ?[35m16562?[0;39m ?[2m---?[0;39m ?[2m[o-auto-1-exec-1]?[0;39m ?[2m?[0;39m?[36mo.s.web.servlet.DispatcherServlet       ?[0;39m ?[2m:?[0;39m Initializing Servlet 'dispatcherServlet'
?[2m2025-03-28T09:22:14.677-04:00?[0;39m ?[32m INFO?[0;39m ?[35m16562?[0;39m ?[2m---?[0;39m ?[2m[o-auto-1-exec-1]?[0;39m ?[2m?[0;39m?[36mo.s.web.servlet.DispatcherServlet       ?[0;39m ?[2m:?[0;39m Completed initialization in 1 ms
?[2m2025-03-28T09:22:14.708-04:00?[0;39m ?[32mDEBUG?[0;39m ?[35m16562?[0;39m ?[2m---?[0;39m ?[2m[o-auto-1-exec-1]?[0;39m ?[2m?[0;39m?[36mc.m.c.controller.EmployeeController     ?[0;39m ?[2m:?[0;39m Received employee create request for [com.mindex.challenge.data.Employee@736de0e5]
?[2m2025-03-28T09:22:14.708-04:00?[0;39m ?[32mDEBUG?[0;39m ?[35m16562?[0;39m ?[2m---?[0;39m ?[2m[o-auto-1-exec-1]?[0;39m ?[2m?[0;39m?[36mc.m.c.service.impl.EmployeeServiceImpl  ?[0;39m ?[2m:?[0;39m Creating employee [com.mindex.challenge.data.Employee@736de0e5]
?[2m2025-03-28T09:22:14.728-04:00?[0;39m ?[32mDEBUG?[0;39m ?[35m16562?[0;39m ?[2m---?[0;39m ?[2m[o-auto-1-exec-2]?[0;39m ?[2m?[0;39m?[36mc.m.c.controller.EmployeeController     ?[0;39m ?[2m:?[0;39m Received employee read request for id [77233d6e-8624-4275-8356-617578fd455b]
?[2m2025-03-28T09:22:14.728-04:00?[0;39m ?[32mDEBUG?[0;39m ?[35m16562?[0;39m ?[2m---?[0;39m ?[2m[o-auto-1-exec-2]?[0;39m ?[2m?[0;39m?[36mc.m.c.service.impl.EmployeeServiceImpl  ?[0;39m ?[2m:?[0;39m Reading employee with id [77233d6e-8624-4275-8356-617578fd455b]
?[2m2025-03-28T09:22:14.736-04:00?[0;39m ?[32mDEBUG?[0;39m ?[35m16562?[0;39m ?[2m---?[0;39m ?[2m[o-auto-1-exec-3]?[0;39m ?[2m?[0;39m?[36mc.m.c.controller.EmployeeController     ?[0;39m ?[2m:?[0;39m Received employee update request for id [77233d6e-8624-4275-8356-617578fd455b] and employee [com.mindex.challenge.data.Employee@45491306]
?[2m2025-03-28T09:22:14.737-04:00?[0;39m ?[32mDEBUG?[0;39m ?[35m16562?[0;39m ?[2m---?[0;39m ?[2m[o-auto-1-exec-3]?[0;39m ?[2m?[0;39m?[36mc.m.c.service.impl.EmployeeServiceImpl  ?[0;39m ?[2m:?[0;39m Updating employee [com.mindex.challenge.data.Employee@45491306]
]]></system-out>
  <system-err><![CDATA[]]></system-err>
</testsuite>
